<?xml version="1.0" encoding="UTF-8"?>
<!-- Generated by org.testng.reporters.JUnitReportReporter -->
<testsuite hostname="Susanta" failures="0" tests="1" name="seleniumbatch.TestCase" time="0.011" errors="0" timestamp="2023-12-14T22:01:12 IST" skipped="0">
  <testcase classname="seleniumbatch.TestCase" name="testcase1" time="0.011"/>
  <system-out>
testcase is pass  </system-out>
</testsuite> <!-- seleniumbatch.TestCase -->
