<?xml version="1.0" encoding="UTF-8"?>
<!-- Generated by org.testng.reporters.JUnitReportReporter -->
<testsuite hostname="Susanta" failures="0" tests="1" name="Assertion.Assertion" time="6.686" errors="0" timestamp="2023-12-19T14:34:14 IST" skipped="0">
  <testcase classname="Assertion.Assertion" name="testCase" time="6.686"/>
  <system-out>
testcase completed  </system-out>
</testsuite> <!-- Assertion.Assertion -->
