<?xml version="1.0" encoding="UTF-8"?>
<!-- Generated by org.testng.reporters.JUnitReportReporter -->
<testsuite hostname="Susanta" failures="0" tests="1" name="CrossBrowserTesting.testcase" time="5.104" errors="0" timestamp="2023-12-20T13:08:51 IST" skipped="0">
  <testcase classname="CrossBrowserTesting.testcase" name="testcse" time="5.104"/>
  <system-out/>
</testsuite> <!-- CrossBrowserTesting.testcase -->
