<?xml version="1.0" encoding="UTF-8"?>
<!-- Generated by org.testng.reporters.JUnitReportReporter -->
<testsuite hostname="Susanta" failures="0" tests="1" name="car.car1" time="4.511" errors="0" timestamp="2023-12-13T15:17:28 IST" skipped="0">
  <testcase classname="car.car1" name="audi" time="4.511"/>
  <system-out/>
</testsuite> <!-- car.car1 -->
