<?xml version="1.0" encoding="UTF-8"?>
<!-- Generated by org.testng.reporters.JUnitReportReporter -->
<testsuite hostname="Susanta" failures="0" tests="3" name="seleniumbatch.Demoshop" time="9.639" errors="0" timestamp="2023-12-16T21:09:12 IST" skipped="0">
  <testcase classname="seleniumbatch.Demoshop" name="register" time="7.233"/>
  <system-out/>
  <testcase classname="seleniumbatch.Demoshop" name="logout" time="0.852"/>
  <system-out/>
  <testcase classname="seleniumbatch.Demoshop" name="login" time="1.554"/>
  <system-out/>
</testsuite> <!-- seleniumbatch.Demoshop -->
