<?xml version="1.0" encoding="UTF-8"?>
<!-- Generated by org.testng.reporters.JUnitReportReporter -->
<testsuite hostname="Susanta" failures="0" tests="1" name="bike.bike3" time="2.524" errors="0" timestamp="2023-12-13T14:59:17 IST" skipped="0">
  <testcase classname="bike.bike3" name="honda" time="2.524"/>
  <system-out/>
</testsuite> <!-- bike.bike3 -->
