<?xml version="1.0" encoding="UTF-8"?>
<!-- Generated by org.testng.reporters.JUnitReportReporter -->
<testsuite hostname="Susanta" failures="0" tests="3" name="seleniumbatch.Enable" time="132.035" errors="0" timestamp="2023-12-12T15:57:54 IST" skipped="1">
  <testcase classname="seleniumbatch.Enable" name="logout" time="23.800"/>
  <system-out>
yepp  </system-out>
  <testcase classname="seleniumbatch.Enable" name="register" time="108.235"/>
  <system-out>
passing  </system-out>
  <testcase classname="seleniumbatch.Enable" name="login">
    <skipped/>
  </testcase> <!-- login -->
  <system-out/>
</testsuite> <!-- seleniumbatch.Enable -->
