<?xml version="1.0" encoding="UTF-8"?>
<!-- Generated by org.testng.reporters.JUnitReportReporter -->
<testsuite hostname="Susanta" failures="0" tests="1" name="car.car2" time="5.604" errors="0" timestamp="2023-12-13T14:59:17 IST" skipped="0">
  <testcase classname="car.car2" name="maruti" time="5.604"/>
  <system-out/>
</testsuite> <!-- car.car2 -->
