<?xml version="1.0" encoding="UTF-8"?>
<!-- Generated by org.testng.reporters.JUnitReportReporter -->
<testsuite hostname="Susanta" failures="0" tests="3" name="seleniumbatch.Threadpoolsize" time="18.796" errors="0" timestamp="2023-12-13T15:41:37 IST" skipped="0">
  <testcase classname="seleniumbatch.Threadpoolsize" name="login" time="5.536"/>
  <system-out/>
  <testcase classname="seleniumbatch.Threadpoolsize" name="login" time="5.530"/>
  <system-out/>
  <testcase classname="seleniumbatch.Threadpoolsize" name="login" time="7.730"/>
  <system-out/>
</testsuite> <!-- seleniumbatch.Threadpoolsize -->
