<?xml version="1.0" encoding="UTF-8"?>
<!-- Generated by org.testng.reporters.JUnitReportReporter -->
<testsuite hostname="Susanta" failures="0" tests="1" name="bike.bike1" time="9.715" errors="0" timestamp="2023-12-18T14:33:58 IST" skipped="0">
  <testcase classname="bike.bike1" name="r15" time="9.715"/>
  <system-out/>
</testsuite> <!-- bike.bike1 -->
