<?xml version="1.0" encoding="UTF-8"?>
<!-- Generated by org.testng.reporters.JUnitReportReporter -->
<testsuite hostname="Susanta" failures="0" tests="3" name="Fethchingdataexcel.Datadriven2" time="0.011" errors="0" timestamp="2023-12-18T13:23:23 IST" skipped="0">
  <testcase classname="Fethchingdataexcel.Datadriven2" name="m1" time="0.002"/>
  <system-out/>
  <testcase classname="Fethchingdataexcel.Datadriven2" name="m1" time="0.007"/>
  <system-out/>
  <testcase classname="Fethchingdataexcel.Datadriven2" name="m1" time="0.002"/>
  <system-out/>
</testsuite> <!-- Fethchingdataexcel.Datadriven2 -->
