<?xml version="1.0" encoding="UTF-8"?>
<!-- Generated by org.testng.reporters.JUnitReportReporter -->
<testsuite hostname="Susanta" failures="0" tests="2" name="Fethchingdataexcel.DatadrivenTesting" time="0.010" errors="0" timestamp="2023-12-15T15:12:34 IST" skipped="0">
  <testcase classname="Fethchingdataexcel.DatadrivenTesting" name="m1" time="0.007"/>
  <system-out/>
  <testcase classname="Fethchingdataexcel.DatadrivenTesting" name="m1" time="0.003"/>
  <system-out/>
</testsuite> <!-- Fethchingdataexcel.DatadrivenTesting -->
