<?xml version="1.0" encoding="UTF-8"?>
<!-- Generated by org.testng.reporters.JUnitReportReporter -->
<testsuite hostname="Susanta" failures="0" tests="1" name="seleniumbatch.Assertion" time="17.642" errors="0" timestamp="2023-12-19T14:31:34 IST" skipped="0">
  <testcase classname="seleniumbatch.Assertion" name="testCase" time="17.642"/>
  <system-out>
testcase completed  </system-out>
</testsuite> <!-- seleniumbatch.Assertion -->
