<?xml version="1.0" encoding="UTF-8"?>
<!-- Generated by org.testng.reporters.JUnitReportReporter -->
<testsuite hostname="Susanta" failures="0" tests="3" name="seleniumbatch.program" time="17.754" errors="0" timestamp="2023-12-13T15:36:30 IST" skipped="0">
  <testcase classname="seleniumbatch.program" name="logout" time="4.538"/>
  <system-out>
yepp  </system-out>
  <testcase classname="seleniumbatch.program" name="register" time="2.841"/>
  <system-out>
passing  </system-out>
  <testcase classname="seleniumbatch.program" name="login" time="10.375"/>
  <system-out/>
</testsuite> <!-- seleniumbatch.program -->
