<?xml version="1.0" encoding="UTF-8"?>
<!-- Generated by org.testng.reporters.JUnitReportReporter -->
<testsuite hostname="Susanta" failures="0" tests="1" name="bike.bike2" time="27.834" errors="0" timestamp="2023-12-13T15:17:28 IST" skipped="0">
  <testcase classname="bike.bike2" name="royalenfield" time="27.834"/>
  <system-out/>
</testsuite> <!-- bike.bike2 -->
