<?xml version="1.0" encoding="UTF-8"?>
<!-- Generated by org.testng.reporters.JUnitReportReporter -->
<testsuite hostname="Susanta" failures="0" tests="7" name="seleniumbatch.Invocation" time="146.115" errors="0" timestamp="2023-12-12T15:39:03 IST" skipped="0">
  <testcase classname="seleniumbatch.Invocation" name="logout" time="5.126"/>
  <system-out>
yepp  </system-out>
  <testcase classname="seleniumbatch.Invocation" name="login" time="2.217"/>
  <system-out/>
  <testcase classname="seleniumbatch.Invocation" name="login" time="15.241"/>
  <system-out/>
  <testcase classname="seleniumbatch.Invocation" name="login" time="7.921"/>
  <system-out/>
  <testcase classname="seleniumbatch.Invocation" name="logout" time="15.308"/>
  <system-out>
yepp  </system-out>
  <testcase classname="seleniumbatch.Invocation" name="register" time="48.642"/>
  <system-out>
passing  </system-out>
  <testcase classname="seleniumbatch.Invocation" name="register" time="51.660"/>
  <system-out>
passing  </system-out>
</testsuite> <!-- seleniumbatch.Invocation -->
